<?xml version="1.0" encoding="UTF-8"?>
<!-- Generated by org.testng.reporters.JUnitReportReporter -->
<testsuite hostname="Test-PC" failures="0" tests="2" name="parallel.TestRunner" time="60.103" errors="0" timestamp="2023-09-23T23:29:28 PDT" skipped="0">
  <testcase classname="parallel.TestRunner" name="runScenario" time="30.016"/>
  <system-out/>
  <testcase classname="parallel.TestRunner" name="runScenario" time="30.087"/>
  <system-out/>
</testsuite> <!-- parallel.TestRunner -->
