<?xml version="1.0" encoding="UTF-8"?>
<!-- Generated by org.testng.reporters.JUnitReportReporter -->
<testsuite hostname="Test-PC" failures="0" tests="2" name="parallel.FailedRun" time="41.707" errors="0" timestamp="2023-09-23T23:18:57 PDT" skipped="0">
  <testcase classname="parallel.FailedRun" name="runScenario" time="20.688"/>
  <system-out/>
  <testcase classname="parallel.FailedRun" name="runScenario" time="21.019"/>
  <system-out/>
</testsuite> <!-- parallel.FailedRun -->
